# JRE version: Java(TM) SE Runtime Environment (8.0_192-b12) (build 1.8.0_192-b12)
# Java VM: Java HotSpot(TM) 64-Bit Server VM (25.192-b12 mixed mode linux-amd64 compressed oops)
Heap:
 PSYoungGen      total 146944K, used 116401K [0x000000076d100000, 0x0000000778800000, 0x00000007c0000000)
  eden space 131072K, 88% used [0x000000076d100000,0x00000007741f4688,0x0000000775100000)
  from space 15872K, 4% used [0x0000000777880000,0x0000000777938000,0x0000000778800000)
  to   space 28160K, 0% used [0x0000000775100000,0x0000000775100000,0x0000000776c80000)
 ParOldGen       total 223744K, used 125783K [0x00000006c7200000, 0x00000006d4c80000, 0x000000076d100000)
  object space 223744K, 56% used [0x00000006c7200000,0x00000006cecd5fe8,0x00000006d4c80000)
 Metaspace       used 22715K, capacity 22949K, committed 23296K, reserved 1071104K
  class space    used 2476K, capacity 2556K, committed 2560K, reserved 1048576K
GC Heap History (10 events):
Event: 96,767 GC heap before
{Heap before GC invocations=25 (full 2):
 PSYoungGen      total 143872K, used 124208K [0x000000076d100000, 0x0000000777b80000, 0x00000007c0000000)
  eden space 116224K, 100% used [0x000000076d100000,0x0000000774280000,0x0000000774280000)
  from space 27648K, 28% used [0x0000000776080000,0x000000077684c030,0x0000000777b80000)
  to   space 29184K, 0% used [0x0000000774280000,0x0000000774280000,0x0000000775f00000)
 ParOldGen       total 171008K, used 142915K [0x00000006c7200000, 0x00000006d1900000, 0x000000076d100000)
  object space 171008K, 83% used [0x00000006c7200000,0x00000006cfd90e10,0x00000006d1900000)
 Metaspace       used 22636K, capacity 22885K, committed 23040K, reserved 1069056K
  class space    used 2475K, capacity 2556K, committed 2560K, reserved 1048576K
Event: 96,797 GC heap after
Heap after GC invocations=25 (full 2):
 PSYoungGen      total 145408K, used 15928K [0x000000076d100000, 0x000000077a900000, 0x00000007c0000000)
  eden space 116224K, 0% used [0x000000076d100000,0x000000076d100000,0x0000000774280000)
  from space 29184K, 54% used [0x0000000774280000,0x000000077520e070,0x0000000775f00000)
  to   space 29184K, 0% used [0x0000000778c80000,0x0000000778c80000,0x000000077a900000)
 ParOldGen       total 171008K, used 150456K [0x00000006c7200000, 0x00000006d1900000, 0x000000076d100000)
  object space 171008K, 87% used [0x00000006c7200000,0x00000006d04ee380,0x00000006d1900000)
 Metaspace       used 22636K, capacity 22885K, committed 23040K, reserved 1069056K
  class space    used 2475K, capacity 2556K, committed 2560K, reserved 1048576K
}
Event: 107,634 GC heap before
{Heap before GC invocations=26 (full 2):
 PSYoungGen      total 145408K, used 132152K [0x000000076d100000, 0x000000077a900000, 0x00000007c0000000)
  eden space 116224K, 100% used [0x000000076d100000,0x0000000774280000,0x0000000774280000)
  from space 29184K, 54% used [0x0000000774280000,0x000000077520e070,0x0000000775f00000)
  to   space 29184K, 0% used [0x0000000778c80000,0x0000000778c80000,0x000000077a900000)
 ParOldGen       total 171008K, used 150456K [0x00000006c7200000, 0x00000006d1900000, 0x000000076d100000)
  object space 171008K, 87% used [0x00000006c7200000,0x00000006d04ee380,0x00000006d1900000)
 Metaspace       used 22685K, capacity 22949K, committed 23296K, reserved 1071104K
  class space    used 2475K, capacity 2556K, committed 2560K, reserved 1048576K
Event: 107,644 GC heap after
Heap after GC invocations=26 (full 2):
 PSYoungGen      total 114176K, used 1344K [0x000000076d100000, 0x0000000778e00000, 0x00000007c0000000)
  eden space 112640K, 0% used [0x000000076d100000,0x000000076d100000,0x0000000773f00000)
  from space 1536K, 87% used [0x0000000778c80000,0x0000000778dd0000,0x0000000778e00000)
  to   space 29184K, 0% used [0x0000000775500000,0x0000000775500000,0x0000000777180000)
 ParOldGen       total 171008K, used 163499K [0x00000006c7200000, 0x00000006d1900000, 0x000000076d100000)
  object space 171008K, 95% used [0x00000006c7200000,0x00000006d11aad28,0x00000006d1900000)
 Metaspace       used 22685K, capacity 22949K, committed 23296K, reserved 1071104K
  class space    used 2475K, capacity 2556K, committed 2560K, reserved 1048576K
}
Event: 107,645 GC heap before
{Heap before GC invocations=27 (full 3):
 PSYoungGen      total 114176K, used 1344K [0x000000076d100000, 0x0000000778e00000, 0x00000007c0000000)
  eden space 112640K, 0% used [0x000000076d100000,0x000000076d100000,0x0000000773f00000)
  from space 1536K, 87% used [0x0000000778c80000,0x0000000778dd0000,0x0000000778e00000)
  to   space 29184K, 0% used [0x0000000775500000,0x0000000775500000,0x0000000777180000)
 ParOldGen       total 171008K, used 163499K [0x00000006c7200000, 0x00000006d1900000, 0x000000076d100000)
  object space 171008K, 95% used [0x00000006c7200000,0x00000006d11aad28,0x00000006d1900000)
 Metaspace       used 22685K, capacity 22949K, committed 23296K, reserved 1071104K
  class space    used 2475K, capacity 2556K, committed 2560K, reserved 1048576K
Event: 108,030 GC heap after
Heap after GC invocations=27 (full 3):
 PSYoungGen      total 114176K, used 0K [0x000000076d100000, 0x0000000778e00000, 0x00000007c0000000)
  eden space 112640K, 0% used [0x000000076d100000,0x000000076d100000,0x0000000773f00000)
  from space 1536K, 0% used [0x0000000778c80000,0x0000000778c80000,0x0000000778e00000)
  to   space 29184K, 0% used [0x0000000775500000,0x0000000775500000,0x0000000777180000)
 ParOldGen       total 223744K, used 125447K [0x00000006c7200000, 0x00000006d4c80000, 0x000000076d100000)
  object space 223744K, 56% used [0x00000006c7200000,0x00000006cec81fe8,0x00000006d4c80000)
 Metaspace       used 22685K, capacity 22949K, committed 23296K, reserved 1071104K
  class space    used 2475K, capacity 2556K, committed 2560K, reserved 1048576K
}
Event: 124,466 GC heap before
{Heap before GC invocations=28 (full 3):
 PSYoungGen      total 114176K, used 112640K [0x000000076d100000, 0x0000000778e00000, 0x00000007c0000000)
  eden space 112640K, 100% used [0x000000076d100000,0x0000000773f00000,0x0000000773f00000)
  from space 1536K, 0% used [0x0000000778c80000,0x0000000778c80000,0x0000000778e00000)
  to   space 29184K, 0% used [0x0000000775500000,0x0000000775500000,0x0000000777180000)
 ParOldGen       total 223744K, used 125447K [0x00000006c7200000, 0x00000006d4c80000, 0x000000076d100000)
  object space 223744K, 56% used [0x00000006c7200000,0x00000006cec81fe8,0x00000006d4c80000)
 Metaspace       used 22698K, capacity 22949K, committed 23296K, reserved 1071104K
  class space    used 2475K, capacity 2556K, committed 2560K, reserved 1048576K
Event: 124,470 GC heap after
Heap after GC invocations=28 (full 3):
 PSYoungGen      total 164352K, used 1120K [0x000000076d100000, 0x0000000779480000, 0x00000007c0000000)
  eden space 135168K, 0% used [0x000000076d100000,0x000000076d100000,0x0000000775500000)
  from space 29184K, 3% used [0x0000000775500000,0x0000000775618000,0x0000000777180000)
  to   space 28672K, 0% used [0x0000000777880000,0x0000000777880000,0x0000000779480000)
 ParOldGen       total 223744K, used 125447K [0x00000006c7200000, 0x00000006d4c80000, 0x000000076d100000)
  object space 223744K, 56% used [0x00000006c7200000,0x00000006cec81fe8,0x00000006d4c80000)
 Metaspace       used 22698K, capacity 22949K, committed 23296K, reserved 1071104K
  class space    used 2475K, capacity 2556K, committed 2560K, reserved 1048576K
}
Event: 129,629 GC heap before
{Heap before GC invocations=29 (full 3):
 PSYoungGen      total 164352K, used 136288K [0x000000076d100000, 0x0000000779480000, 0x00000007c0000000)
  eden space 135168K, 100% used [0x000000076d100000,0x0000000775500000,0x0000000775500000)
  from space 29184K, 3% used [0x0000000775500000,0x0000000775618000,0x0000000777180000)
  to   space 28672K, 0% used [0x0000000777880000,0x0000000777880000,0x0000000779480000)
 ParOldGen       total 223744K, used 125447K [0x00000006c7200000, 0x00000006d4c80000, 0x000000076d100000)
  object space 223744K, 56% used [0x00000006c7200000,0x00000006cec81fe8,0x00000006d4c80000)
 Metaspace       used 22701K, capacity 22949K, committed 23296K, reserved 1071104K
  class space    used 2475K, capacity 2556K, committed 2560K, reserved 1048576K
Event: 129,632 GC heap after
Heap after GC invocations=29 (full 3):
 PSYoungGen      total 146944K, used 736K [0x000000076d100000, 0x0000000778800000, 0x00000007c0000000)
  eden space 131072K, 0% used [0x000000076d100000,0x000000076d100000,0x0000000775100000)
  from space 15872K, 4% used [0x0000000777880000,0x0000000777938000,0x0000000778800000)
  to   space 28160K, 0% used [0x0000000775100000,0x0000000775100000,0x0000000776c80000)
 ParOldGen       total 223744K, used 125783K [0x00000006c7200000, 0x00000006d4c80000, 0x000000076d100000)
  object space 223744K, 56% used [0x00000006c7200000,0x00000006cecd5fe8,0x00000006d4c80000)
 Metaspace       used 22701K, capacity 22949K, committed 23296K, reserved 1071104K
  class space    used 2475K, capacity 2556K, committed 2560K, reserved 1048576K
}

